<?xml version="1.0" encoding="utf-8"?><testsuites name="pytest tests"><testsuite name="pytest" errors="0" failures="0" skipped="0" tests="22" time="6.721" timestamp="2026-07-28T09:22:31.616611+00:00" hostname="agent-env-ae9e9039-d91a-48c5-b714-e87d52f2859e"><testcase classname="tests.test_phase2.TestAttachments" name="test_upload_returns_metadata" time="2.029" /><testcase classname="tests.test_phase2.TestAttachments" name="test_download_with_bearer" time="0.265" /><testcase classname="tests.test_phase2.TestAttachments" name="test_download_with_query_auth" time="0.278" /><testcase classname="tests.test_phase2.TestAttachments" name="test_download_no_token_401" time="0.089" /><testcase classname="tests.test_phase2.TestAttachments" name="test_download_not_found_404" time="0.099" /><testcase classname="tests.test_phase2.TestTaskAttachments" name="test_create_task_with_attachments" time="0.220" /><testcase classname="tests.test_phase2.TestTaskAttachments" name="test_get_task_has_attachments" time="0.104" /><testcase classname="tests.test_phase2.TestTaskAttachments" name="test_assignee_patch_attachments" time="0.659" /><testcase classname="tests.test_phase2.TestTaskAttachments" name="test_random_member_cannot_patch" time="0.106" /><testcase classname="tests.test_phase2.TestExports" name="test_super_admin_can_download[tasks.xlsx]" time="0.105" /><testcase classname="tests.test_phase2.TestExports" name="test_super_admin_can_download[costs.xlsx]" time="0.105" /><testcase classname="tests.test_phase2.TestExports" name="test_super_admin_can_download[productivity.xlsx]" time="0.107" /><testcase classname="tests.test_phase2.TestExports" name="test_manager_can_tasks_and_productivity" time="0.212" /><testcase classname="tests.test_phase2.TestExports" name="test_manager_forbidden_costs" time="0.099" /><testcase classname="tests.test_phase2.TestExports" name="test_team_member_forbidden_all" time="0.299" /><testcase classname="tests.test_phase2.TestWebSocket" name="test_invalid_token_closes_4401" time="0.144" /><testcase classname="tests.test_phase2.TestWebSocket" name="test_no_token_closes" time="0.136" /><testcase classname="tests.test_phase2.TestWebSocket" name="test_ready_frame_and_broadcast" time="0.802" /><testcase classname="tests.test_phase2.TestRecurring" name="test_create_recurring_task_populates_next_run_at" time="0.191" /><testcase classname="tests.test_phase2.TestRecurring" name="test_get_task_returns_recurrence" time="0.097" /><testcase classname="tests.test_phase2.TestRecurring" name="test_scheduler_tick_spawns_child" time="0.292" /><testcase classname="tests.test_phase2.TestRecurring" name="test_disable_recurrence_via_patch" time="0.197" /></testsuite></testsuites>