<?xml version="1.0" encoding="utf-8"?><testsuites name="pytest tests"><testsuite name="pytest" errors="0" failures="0" skipped="0" tests="33" time="15.311" timestamp="2026-07-28T09:08:54.541347+00:00" hostname="agent-env-ae9e9039-d91a-48c5-b714-e87d52f2859e"><testcase classname="tests.backend_test.TestAuth" name="test_login_success" time="0.664" /><testcase classname="tests.backend_test.TestAuth" name="test_login_wrong_password" time="0.323" /><testcase classname="tests.backend_test.TestProjects" name="test_list_projects_seed" time="3.509" /><testcase classname="tests.backend_test.TestProjects" name="test_list_projects_team_no_cost" time="0.315" /><testcase classname="tests.backend_test.TestAuth" name="test_me_with_token" time="2.931" /><testcase classname="tests.backend_test.TestProjects" name="test_create_project_super" time="0.094" /><testcase classname="tests.backend_test.TestProjects" name="test_manager_can_create_project" time="0.095" /><testcase classname="tests.backend_test.TestAuth" name="test_me_without_token" time="0.094" /><testcase classname="tests.backend_test.TestAnalytics" name="test_dashboard_super" time="0.103" /><testcase classname="tests.backend_test.TestTasks" name="test_list_seed_tasks" time="0.108" /><testcase classname="tests.backend_test.TestAnalytics" name="test_dashboard_team_no_cost" time="0.102" /><testcase classname="tests.backend_test.TestTasks" name="test_filter_by_priority" time="0.094" /><testcase classname="tests.backend_test.TestAnalytics" name="test_productivity" time="0.095" /><testcase classname="tests.backend_test.TestTasks" name="test_create_task_future_becomes_scheduled" time="0.188" /><testcase classname="tests.backend_test.TestSettings" name="test_get_settings" time="0.093" /><testcase classname="tests.backend_test.TestAnalytics" name="test_employee_analytics" time="0.187" /><testcase classname="tests.backend_test.TestSettings" name="test_patch_settings_forbidden_for_team" time="0.090" /><testcase classname="tests.backend_test.TestUsers" name="test_list_users_super_has_salary" time="0.105" /><testcase classname="tests.backend_test.TestSettings" name="test_patch_settings_super_ok" time="0.093" /><testcase classname="tests.backend_test.TestUsers" name="test_list_users_non_admin_no_salary" time="0.098" /><testcase classname="tests.backend_test.TestHandoff" name="test_handoff_continue_same" time="0.299" /><testcase classname="tests.backend_test.TestReopenReview" name="test_reopen_completed_task" time="0.658" /><testcase classname="tests.backend_test.TestHandoff" name="test_handoff_create_next" time="0.396" /><testcase classname="tests.backend_test.TestReopenReview" name="test_review_approve" time="0.286" /><testcase classname="tests.backend_test.TestActivity" name="test_activity_admin_ok" time="0.110" /><testcase classname="tests.backend_test.TestActivity" name="test_activity_team_forbidden" time="0.092" /><testcase classname="tests.backend_test.TestSignupApproval" name="test_signup_pending_cannot_login_then_approve" time="1.907" /><testcase classname="tests.backend_test.TestPermissions" name="test_team_cannot_approve" time="0.272" /><testcase classname="tests.backend_test.TestPermissions" name="test_team_cannot_costs" time="0.095" /><testcase classname="tests.backend_test.TestMessages" name="test_conversation_and_send" time="0.863" /><testcase classname="tests.backend_test.TestNotifications" name="test_list_and_read" time="0.530" /><testcase classname="tests.backend_test.TestTimerLifecycle" name="test_full_timer_flow_and_single_active" time="3.519" /><testcase classname="tests.backend_test.TestProjectCost" name="test_cost_after_timer" time="3.739" /></testsuite></testsuites>